This is pdfTeX, Version 3.141592653-2.6-1.40.27 (TeX Live 2025/Homebrew) (preloaded format=pdflatex 2025.3.15)  10 DEC 2025 16:16
entering extended mode
 restricted \write18 enabled.
 %&-line parsing enabled.
**Ashley_Stroup_finalproject
(./Ashley_Stroup_finalproject.tex
LaTeX2e <2024-11-01> patch level 2
L3 programming layer <2025-01-18>

(/opt/homebrew/Cellar/texlive/20250308_1/share/texmf-dist/tex/latex/base/articl
e.cls
Document Class: article 2024/06/29 v1.4n Standard LaTeX document class

(/opt/homebrew/Cellar/texlive/20250308_1/share/texmf-dist/tex/latex/base/size11
.clo
File: size11.clo 2024/06/29 v1.4n Standard LaTeX file (size option)
)
\c@part=\count196
\c@section=\count197
\c@subsection=\count198
\c@subsubsection=\count199
\c@paragraph=\count266
\c@subparagraph=\count267
\c@figure=\count268
\c@table=\count269
\abovecaptionskip=\skip49
\belowcaptionskip=\skip50
\bibindent=\dimen141
)
(/opt/homebrew/Cellar/texlive/20250308_1/share/texmf-dist/tex/latex/amsmath/ams
math.sty
Package: amsmath 2024/11/05 v2.17t AMS math features
\@mathmargin=\skip51

For additional information on amsmath, use the `?' option.

(/opt/homebrew/Cellar/texlive/20250308_1/share/texmf-dist/tex/latex/amsmath/ams
text.sty
Package: amstext 2021/08/26 v2.01 AMS text

(/opt/homebrew/Cellar/texlive/20250308_1/share/texmf-dist/tex/latex/amsmath/ams
gen.sty
File: amsgen.sty 1999/11/30 v2.0 generic functions
\@emptytoks=\toks17
\ex@=\dimen142
))
(/opt/homebrew/Cellar/texlive/20250308_1/share/texmf-dist/tex/latex/amsmath/ams
bsy.sty
Package: amsbsy 1999/11/29 v1.2d Bold Symbols
\pmbraise@=\dimen143
)
(/opt/homebrew/Cellar/texlive/20250308_1/share/texmf-dist/tex/latex/amsmath/ams
opn.sty
Package: amsopn 2022/04/08 v2.04 operator names
)
\inf@bad=\count270
LaTeX Info: Redefining \frac on input line 233.
\uproot@=\count271
\leftroot@=\count272
LaTeX Info: Redefining \overline on input line 398.
LaTeX Info: Redefining \colon on input line 409.
\classnum@=\count273
\DOTSCASE@=\count274
LaTeX Info: Redefining \ldots on input line 495.
LaTeX Info: Redefining \dots on input line 498.
LaTeX Info: Redefining \cdots on input line 619.
\Mathstrutbox@=\box52
\strutbox@=\box53
LaTeX Info: Redefining \big on input line 721.
LaTeX Info: Redefining \Big on input line 722.
LaTeX Info: Redefining \bigg on input line 723.
LaTeX Info: Redefining \Bigg on input line 724.
\big@size=\dimen144
LaTeX Font Info:    Redeclaring font encoding OML on input line 742.
LaTeX Font Info:    Redeclaring font encoding OMS on input line 743.
\macc@depth=\count275
LaTeX Info: Redefining \bmod on input line 904.
LaTeX Info: Redefining \pmod on input line 909.
LaTeX Info: Redefining \smash on input line 939.
LaTeX Info: Redefining \relbar on input line 969.
LaTeX Info: Redefining \Relbar on input line 970.
\c@MaxMatrixCols=\count276
\dotsspace@=\muskip17
\c@parentequation=\count277
\dspbrk@lvl=\count278
\tag@help=\toks18
\row@=\count279
\column@=\count280
\maxfields@=\count281
\andhelp@=\toks19
\eqnshift@=\dimen145
\alignsep@=\dimen146
\tagshift@=\dimen147
\tagwidth@=\dimen148
\totwidth@=\dimen149
\lineht@=\dimen150
\@envbody=\toks20
\multlinegap=\skip52
\multlinetaggap=\skip53
\mathdisplay@stack=\toks21
LaTeX Info: Redefining \[ on input line 2953.
LaTeX Info: Redefining \] on input line 2954.
)
(/opt/homebrew/Cellar/texlive/20250308_1/share/texmf-dist/tex/latex/graphics/gr
aphicx.sty
Package: graphicx 2021/09/16 v1.2d Enhanced LaTeX Graphics (DPC,SPQR)

(/opt/homebrew/Cellar/texlive/20250308_1/share/texmf-dist/tex/latex/graphics/ke
yval.sty
Package: keyval 2022/05/29 v1.15 key=value parser (DPC)
\KV@toks@=\toks22
)
(/opt/homebrew/Cellar/texlive/20250308_1/share/texmf-dist/tex/latex/graphics/gr
aphics.sty
Package: graphics 2024/08/06 v1.4g Standard LaTeX Graphics (DPC,SPQR)

(/opt/homebrew/Cellar/texlive/20250308_1/share/texmf-dist/tex/latex/graphics/tr
ig.sty
Package: trig 2023/12/02 v1.11 sin cos tan (DPC)
)
(/opt/homebrew/Cellar/texlive/20250308_1/share/texmf-dist/tex/latex/graphics-cf
g/graphics.cfg
File: graphics.cfg 2016/06/04 v1.11 sample graphics configuration
)
Package graphics Info: Driver file: pdftex.def on input line 106.

(/opt/homebrew/Cellar/texlive/20250308_1/share/texmf-dist/tex/latex/graphics-de
f/pdftex.def
File: pdftex.def 2024/04/13 v1.2c Graphics/color driver for pdftex
))
\Gin@req@height=\dimen151
\Gin@req@width=\dimen152
)
(/opt/homebrew/Cellar/texlive/20250308_1/share/texmf-dist/tex/latex/natbib/natb
ib.sty
Package: natbib 2010/09/13 8.31b (PWD, AO)
\bibhang=\skip54
\bibsep=\skip55
LaTeX Info: Redefining \cite on input line 694.
\c@NAT@ctr=\count282
)
(/opt/homebrew/Cellar/texlive/20250308_1/share/texmf-dist/tex/latex/geometry/ge
ometry.sty
Package: geometry 2020/01/02 v5.9 Page Geometry

(/opt/homebrew/Cellar/texlive/20250308_1/share/texmf-dist/tex/generic/iftex/ifv
tex.sty
Package: ifvtex 2019/10/25 v1.7 ifvtex legacy package. Use iftex instead.

(/opt/homebrew/Cellar/texlive/20250308_1/share/texmf-dist/tex/generic/iftex/ift
ex.sty
Package: iftex 2024/12/12 v1.0g TeX engine tests
))
\Gm@cnth=\count283
\Gm@cntv=\count284
\c@Gm@tempcnt=\count285
\Gm@bindingoffset=\dimen153
\Gm@wd@mp=\dimen154
\Gm@odd@mp=\dimen155
\Gm@even@mp=\dimen156
\Gm@layoutwidth=\dimen157
\Gm@layoutheight=\dimen158
\Gm@layouthoffset=\dimen159
\Gm@layoutvoffset=\dimen160
\Gm@dimlist=\toks23
)
(/opt/homebrew/Cellar/texlive/20250308_1/share/texmf-dist/tex/latex/l3backend/l
3backend-pdftex.def
File: l3backend-pdftex.def 2024-05-08 L3 backend support: PDF output (pdfTeX)
\l__color_backend_stack_int=\count286
\l__pdf_internal_box=\box54
) (./Ashley_Stroup_finalproject.aux)
\openout1 = `Ashley_Stroup_finalproject.aux'.

LaTeX Font Info:    Checking defaults for OML/cmm/m/it on input line 4.
LaTeX Font Info:    ... okay on input line 4.
LaTeX Font Info:    Checking defaults for OMS/cmsy/m/n on input line 4.
LaTeX Font Info:    ... okay on input line 4.
LaTeX Font Info:    Checking defaults for OT1/cmr/m/n on input line 4.
LaTeX Font Info:    ... okay on input line 4.
LaTeX Font Info:    Checking defaults for T1/cmr/m/n on input line 4.
LaTeX Font Info:    ... okay on input line 4.
LaTeX Font Info:    Checking defaults for TS1/cmr/m/n on input line 4.
LaTeX Font Info:    ... okay on input line 4.
LaTeX Font Info:    Checking defaults for OMX/cmex/m/n on input line 4.
LaTeX Font Info:    ... okay on input line 4.
LaTeX Font Info:    Checking defaults for U/cmr/m/n on input line 4.
LaTeX Font Info:    ... okay on input line 4.

(/opt/homebrew/Cellar/texlive/20250308_1/share/texmf-dist/tex/context/base/mkii
/supp-pdf.mkii
[Loading MPS to PDF converter (version 2006.09.02).]
\scratchcounter=\count287
\scratchdimen=\dimen161
\scratchbox=\box55
\nofMPsegments=\count288
\nofMParguments=\count289
\everyMPshowfont=\toks24
\MPscratchCnt=\count290
\MPscratchDim=\dimen162
\MPnumerator=\count291
\makeMPintoPDFobject=\count292
\everyMPtoPDFconversion=\toks25
)
(/opt/homebrew/Cellar/texlive/20250308_1/share/texmf-dist/tex/latex/epstopdf-pk
g/epstopdf-base.sty
Package: epstopdf-base 2020-01-24 v2.11 Base part for package epstopdf
Package epstopdf-base Info: Redefining graphics rule for `.eps' on input line 4
85.

(/opt/homebrew/Cellar/texlive/20250308_1/share/texmf-dist/tex/latex/latexconfig
/epstopdf-sys.cfg
File: epstopdf-sys.cfg 2010/07/13 v1.3 Configuration of (r)epstopdf for TeX Liv
e
))
*geometry* driver: auto-detecting
*geometry* detected driver: pdftex
*geometry* verbose mode - [ preamble ] result:
* driver: pdftex
* paper: letterpaper
* layout: <same size as paper>
* layoutoffset:(h,v)=(0.0pt,0.0pt)
* modes: 
* h-part:(L,W,R)=(92.14519pt, 430.00462pt, 92.14519pt)
* v-part:(T,H,B)=(56.9055pt, 666.9326pt, 71.13188pt)
* \paperwidth=614.295pt
* \paperheight=794.96999pt
* \textwidth=430.00462pt
* \textheight=666.9326pt
* \oddsidemargin=19.8752pt
* \evensidemargin=19.8752pt
* \topmargin=-52.36449pt
* \headheight=12.0pt
* \headsep=25.0pt
* \topskip=11.0pt
* \footskip=30.0pt
* \marginparwidth=59.0pt
* \marginparsep=10.0pt
* \columnsep=10.0pt
* \skip\footins=10.0pt plus 4.0pt minus 2.0pt
* \hoffset=0.0pt
* \voffset=0.0pt
* \mag=1000
* \@twocolumnfalse
* \@twosidefalse
* \@mparswitchfalse
* \@reversemarginfalse
* (1in=72.27pt=25.4mm, 1cm=28.453pt)

<../Figures/20percent.png, id=1, 311.1625pt x 354.32375pt>
File: ../Figures/20percent.png Graphic file (type png)
<use ../Figures/20percent.png>
Package pdftex.def Info: ../Figures/20percent.png  used on input line 19.
(pdftex.def)             Requested size: 284.52756pt x 323.99759pt.


[1

{/opt/homebrew/Cellar/texlive/20250308_1/share/texmf-dist/fonts/map/pdftex/updm
ap/pdftex.map}]

[2 <../Figures/20percent.png>]
<../Figures/OV_seismo_map.ps.png, id=16, 1794.705pt x 2154.0475pt>
File: ../Figures/OV_seismo_map.ps.png Graphic file (type png)
<use ../Figures/OV_seismo_map.ps.png>
Package pdftex.def Info: ../Figures/OV_seismo_map.ps.png  used on input line 29
.
(pdftex.def)             Requested size: 284.52756pt x 341.46645pt.


[3 <../Figures/OV_seismo_map.ps.png>]

[4]
<../Figures/stations.jpg, id=25, 10674.88126pt x 7185.84625pt>
File: ../Figures/stations.jpg Graphic file (type jpg)
<use ../Figures/stations.jpg>
Package pdftex.def Info: ../Figures/stations.jpg  used on input line 58.
(pdftex.def)             Requested size: 341.43306pt x 229.8202pt.


[5 <../Figures/stations.jpg>]

[6]
<../broadband_map.ps.png, id=32, 1794.705pt x 1609.01125pt>
File: ../broadband_map.ps.png Graphic file (type png)
<use ../broadband_map.ps.png>
Package pdftex.def Info: ../broadband_map.ps.png  used on input line 89.
(pdftex.def)             Requested size: 341.43306pt x 306.08359pt.
<../nodes_map.ps.png, id=33, 1794.705pt x 3300.33pt>
File: ../nodes_map.ps.png Graphic file (type png)
<use ../nodes_map.ps.png>
Package pdftex.def Info: ../nodes_map.ps.png  used on input line 97.
(pdftex.def)             Requested size: 170.71652pt x 313.88712pt.


[7 <../broadband_map.ps.png>]

[8 <../nodes_map.ps.png>]
<../broadband_limit_map.ps.png, id=43, 1794.705pt x 1609.01125pt>
File: ../broadband_limit_map.ps.png Graphic file (type png)
<use ../broadband_limit_map.ps.png>
Package pdftex.def Info: ../broadband_limit_map.ps.png  used on input line 121.

(pdftex.def)             Requested size: 341.43306pt x 306.08359pt.
<../nodes_limit_map.ps.png, id=44, 1794.705pt x 3300.33pt>
File: ../nodes_limit_map.ps.png Graphic file (type png)
<use ../nodes_limit_map.ps.png>
Package pdftex.def Info: ../nodes_limit_map.ps.png  used on input line 129.
(pdftex.def)             Requested size: 170.71652pt x 313.88712pt.


[9 <../broadband_limit_map.ps.png>]

[10 <../nodes_limit_map.ps.png>]

LaTeX Warning: `!h' float specifier changed to `!ht'.



[11] (./Ashley_Stroup_finalproject.bbl

[12]
Overfull \hbox (66.38925pt too wide) in paragraph at lines 15--22
\OT1/cmr/m/n/10.95 URL \OT1/cmtt/m/n/10.95 https://academic.oup.com/gji/article
-lookup/doi/10.1111/j.1365-246X.2007.03374.x 
 []



[13]
Overfull \hbox (66.38925pt too wide) in paragraph at lines 180--186
\OT1/cmr/m/n/10.95 URL \OT1/cmtt/m/n/10.95 https://academic.oup.com/gji/article
-lookup/doi/10.1111/j.1365-246X.2009.04105.x 
 []



[14{/opt/homebrew/Cellar/texlive/20250308_1/share/texmf-dist/fonts/enc/dvips/cm
-super/cm-super-ts1.enc}]
Overfull \hbox (77.88663pt too wide) in paragraph at lines 214--221
\OT1/cmr/m/n/10.95 URL \OT1/cmtt/m/n/10.95 https://www.annualreviews.org/conten
t/journals/10.1146/annurev-earth-040522-115229 
 []


Overfull \hbox (181.363pt too wide) in paragraph at lines 224--229
\OT1/cmr/m/n/10.95 URL \OT1/cmtt/m/n/10.95 http://academic.oup.com/gji/article/
201/2/652/573739/On-the-limitations-of-interstation-distances-in 
 []


Underfull \hbox (badness 2057) in paragraph at lines 232--240
\OT1/cmr/m/it/10.95 Jour-nal of Geo-phys-i-cal Re-search: Solid Earth\OT1/cmr/m
/n/10.95 , \OT1/cmr/m/it/10.95 106\OT1/cmr/m/n/10.95 (B2), 2245--2263.  []eprin
t:
 []


Overfull \hbox (49.14319pt too wide) in paragraph at lines 284--291
\OT1/cmr/m/n/10.95 URL \OT1/cmtt/m/n/10.95 https://www.annualreviews.org/conten
t/journals/10.1146/annurev.earth.27.1.417 
 []



[15]
Overfull \hbox (95.13269pt too wide) in paragraph at lines 334--342
\OT1/cmr/m/n/10.95 URL \OT1/cmtt/m/n/10.95 https://www.frontiersin.org/journals
/earth-science/articles/10.3389/feart.2021.659682 
 []

)

[16] (./Ashley_Stroup_finalproject.aux)
 ***********
LaTeX2e <2024-11-01> patch level 2
L3 programming layer <2025-01-18>
 ***********
 ) 
Here is how much of TeX's memory you used:
 3151 strings out of 473190
 50422 string characters out of 5704335
 459093 words of memory out of 5000000
 26401 multiletter control sequences out of 15000+600000
 565761 words of font info for 60 fonts, out of 8000000 for 9000
 1141 hyphenation exceptions out of 8191
 57i,9n,65p,1595b,289s stack positions out of 10000i,1000n,20000p,200000b,200000s
</opt/homebrew/Cellar/texlive/20250308_1/share/texmf-dist/fonts/type1/public/
amsfonts/cm/cmbx10.pfb></opt/homebrew/Cellar/texlive/20250308_1/share/texmf-dis
t/fonts/type1/public/amsfonts/cm/cmbx12.pfb></opt/homebrew/Cellar/texlive/20250
308_1/share/texmf-dist/fonts/type1/public/amsfonts/cm/cmex10.pfb></opt/homebrew
/Cellar/texlive/20250308_1/share/texmf-dist/fonts/type1/public/amsfonts/cm/cmmi
10.pfb></opt/homebrew/Cellar/texlive/20250308_1/share/texmf-dist/fonts/type1/pu
blic/amsfonts/cm/cmmi8.pfb></opt/homebrew/Cellar/texlive/20250308_1/share/texmf
-dist/fonts/type1/public/amsfonts/cm/cmr10.pfb></opt/homebrew/Cellar/texlive/20
250308_1/share/texmf-dist/fonts/type1/public/amsfonts/cm/cmr12.pfb></opt/homebr
ew/Cellar/texlive/20250308_1/share/texmf-dist/fonts/type1/public/amsfonts/cm/cm
r17.pfb></opt/homebrew/Cellar/texlive/20250308_1/share/texmf-dist/fonts/type1/p
ublic/amsfonts/cm/cmr8.pfb></opt/homebrew/Cellar/texlive/20250308_1/share/texmf
-dist/fonts/type1/public/amsfonts/cm/cmsy10.pfb></opt/homebrew/Cellar/texlive/2
0250308_1/share/texmf-dist/fonts/type1/public/amsfonts/cm/cmti10.pfb></opt/home
brew/Cellar/texlive/20250308_1/share/texmf-dist/fonts/type1/public/amsfonts/cm/
cmtt10.pfb></opt/homebrew/Cellar/texlive/20250308_1/share/texmf-dist/fonts/type
1/public/cm-super/sfrm1095.pfb>
Output written on Ashley_Stroup_finalproject.pdf (16 pages, 52293828 bytes).
PDF statistics:
 136 PDF objects out of 1000 (max. 8388607)
 78 compressed objects within 1 object stream
 0 named destinations out of 1000 (max. 500000)
 36 words of extra memory for PDF output out of 10000 (max. 10000000)

